<?xml version="1.0" encoding="UTF-8"?>
<testng-results ignored="0" total="1" passed="1" failed="0" skipped="0">
  <reporter-output>
  </reporter-output>
  <suite started-at="2022-05-20T17:32:13 IST" name="Default suite" finished-at="2022-05-20T17:33:15 IST" duration-ms="61893">
    <groups>
    </groups>
    <test started-at="2022-05-20T17:32:13 IST" name="Default test" finished-at="2022-05-20T17:33:15 IST" duration-ms="61893">
      <class name="Final.FinalAssessment">
        <test-method signature="CreateEditDeleteEvent()[pri:0, instance:Final.FinalAssessment@52b1beb6]" started-at="2022-05-20T17:32:13 IST" name="CreateEditDeleteEvent" finished-at="2022-05-20T17:33:15 IST" duration-ms="61860" status="PASS">
          <reporter-output>
          </reporter-output>
        </test-method> <!-- CreateEditDeleteEvent -->
      </class> <!-- Final.FinalAssessment -->
    </test> <!-- Default test -->
  </suite> <!-- Default suite -->
</testng-results>
